<?xml version="1.0" encoding="UTF-8"?>
<!-- Generated by org.testng.reporters.JUnitXMLReporter -->
<testsuite ignored="0" hostname="DESKTOP-ERGEQED" failures="0" tests="5" name="Default test" time="8.933" errors="0" timestamp="16 Mar 2022 04:21:52 GMT">
  <testcase classname="IBM.Restassured.Project" name="POST" time="3.178"/>
  <testcase classname="IBM.Restassured.Project" name="Login" time="1.555"/>
  <testcase classname="IBM.Restassured.Project" name="PUT" time="1.387"/>
  <testcase classname="IBM.Restassured.Project" name="Logout" time="1.427"/>
  <testcase classname="IBM.Restassured.Project" name="Deleteuser" time="1.352"/>
</testsuite> <!-- Default test -->
