<?xml version="1.0" encoding="UTF-8"?>
<testng-results ignored="0" total="5" passed="5" failed="0" skipped="0">
  <reporter-output>
  </reporter-output>
  <suite started-at="2022-03-16T04:21:43Z" name="Default suite" finished-at="2022-03-16T04:21:52Z" duration-ms="8933">
    <groups>
    </groups>
    <test started-at="2022-03-16T04:21:43Z" name="Default test" finished-at="2022-03-16T04:21:52Z" duration-ms="8933">
      <class name="IBM.Restassured.Project">
        <test-method signature="POST(org.testng.ITestContext, org.testng.ITestContext)[pri:0, instance:IBM.Restassured.Project@43b9fd5]" started-at="2022-03-16T04:21:43Z" name="POST" finished-at="2022-03-16T04:21:46Z" duration-ms="3178" status="PASS">
          <params>
            <param index="0">
              <value>
                <![CDATA[org.testng.TestRunner@58be6e8]]>
              </value>
            </param>
            <param index="1">
              <value>
                <![CDATA[org.testng.TestRunner@58be6e8]]>
              </value>
            </param>
          </params>
          <reporter-output>
          </reporter-output>
        </test-method> <!-- POST -->
        <test-method signature="Login(org.testng.ITestContext, org.testng.ITestContext)[pri:0, instance:IBM.Restassured.Project@43b9fd5]" started-at="2022-03-16T04:21:46Z" name="Login" finished-at="2022-03-16T04:21:48Z" depends-on-methods="IBM.Restassured.Project.POST" duration-ms="1555" status="PASS">
          <params>
            <param index="0">
              <value>
                <![CDATA[org.testng.TestRunner@58be6e8]]>
              </value>
            </param>
            <param index="1">
              <value>
                <![CDATA[org.testng.TestRunner@58be6e8]]>
              </value>
            </param>
          </params>
          <reporter-output>
          </reporter-output>
        </test-method> <!-- Login -->
        <test-method signature="PUT(org.testng.ITestContext)[pri:0, instance:IBM.Restassured.Project@43b9fd5]" started-at="2022-03-16T04:21:48Z" name="PUT" finished-at="2022-03-16T04:21:49Z" depends-on-methods="IBM.Restassured.Project.POST" duration-ms="1387" status="PASS">
          <params>
            <param index="0">
              <value>
                <![CDATA[org.testng.TestRunner@58be6e8]]>
              </value>
            </param>
          </params>
          <reporter-output>
          </reporter-output>
        </test-method> <!-- PUT -->
        <test-method signature="Logout()[pri:0, instance:IBM.Restassured.Project@43b9fd5]" started-at="2022-03-16T04:21:49Z" name="Logout" finished-at="2022-03-16T04:21:50Z" depends-on-methods="IBM.Restassured.Project.Login" duration-ms="1427" status="PASS">
          <reporter-output>
          </reporter-output>
        </test-method> <!-- Logout -->
        <test-method signature="Deleteuser(org.testng.ITestContext)[pri:0, instance:IBM.Restassured.Project@43b9fd5]" started-at="2022-03-16T04:21:50Z" name="Deleteuser" finished-at="2022-03-16T04:21:52Z" depends-on-methods="IBM.Restassured.Project.Logout" duration-ms="1352" status="PASS">
          <params>
            <param index="0">
              <value>
                <![CDATA[org.testng.TestRunner@58be6e8]]>
              </value>
            </param>
          </params>
          <reporter-output>
          </reporter-output>
        </test-method> <!-- Deleteuser -->
      </class> <!-- IBM.Restassured.Project -->
    </test> <!-- Default test -->
  </suite> <!-- Default suite -->
</testng-results>
